[2025-09-27T17:44:44.794Z] [INFO] Post-tool infinite continue hook started
[2025-09-27T17:44:44.794Z] [INFO] Stop control state updated: {"stopAllowed":false,"singleUseFlag":false,"lastEndpointTrigger":null,"totalStopsBlocked":1}
[2025-09-27T17:44:44.795Z] [INFO] Blocking stop #1 - infinite continue mode active
[2025-09-27T17:44:44.795Z] [INFO] Stop blocked with task guidance. Total stops blocked: 1
[2025-09-27T17:44:51.196Z] [INFO] Post-tool infinite continue hook started
[2025-09-27T17:44:51.197Z] [INFO] Stop control state updated: {"stopAllowed":false,"singleUseFlag":false,"lastEndpointTrigger":null,"totalStopsBlocked":2}
[2025-09-27T17:44:51.197Z] [INFO] Blocking stop #2 - infinite continue mode active
[2025-09-27T17:44:51.197Z] [INFO] Stop blocked with task guidance. Total stops blocked: 2
[2025-09-27T17:45:02.096Z] [INFO] Post-tool infinite continue hook started
[2025-09-27T17:45:02.096Z] [INFO] Stop control state updated: {"stopAllowed":false,"singleUseFlag":false,"lastEndpointTrigger":null,"totalStopsBlocked":3}
[2025-09-27T17:45:02.096Z] [INFO] Blocking stop #3 - infinite continue mode active
[2025-09-27T17:45:02.097Z] [INFO] Stop blocked with task guidance. Total stops blocked: 3
[2025-09-27T17:45:10.949Z] [INFO] Post-tool infinite continue hook started
[2025-09-27T17:45:10.949Z] [INFO] Stop control state updated: {"stopAllowed":false,"singleUseFlag":false,"lastEndpointTrigger":null,"totalStopsBlocked":4}
[2025-09-27T17:45:10.949Z] [INFO] Blocking stop #4 - infinite continue mode active
[2025-09-27T17:45:10.950Z] [INFO] Stop blocked with task guidance. Total stops blocked: 4
[2025-09-27T17:45:23.624Z] [INFO] Post-tool infinite continue hook started
[2025-09-27T17:45:23.625Z] [INFO] Stop control state updated: {"stopAllowed":false,"singleUseFlag":false,"lastEndpointTrigger":null,"totalStopsBlocked":5}
[2025-09-27T17:45:23.625Z] [INFO] Blocking stop #5 - infinite continue mode active
[2025-09-27T17:45:23.626Z] [INFO] Stop blocked with task guidance. Total stops blocked: 5
[2025-09-27T17:45:30.416Z] [INFO] Post-tool infinite continue hook started
[2025-09-27T17:45:30.417Z] [INFO] Stop control state updated: {"stopAllowed":false,"singleUseFlag":false,"lastEndpointTrigger":null,"totalStopsBlocked":6}
[2025-09-27T17:45:30.417Z] [INFO] Blocking stop #6 - infinite continue mode active
[2025-09-27T17:45:30.418Z] [INFO] Stop blocked with task guidance. Total stops blocked: 6
[2025-09-27T17:45:39.655Z] [INFO] Post-tool infinite continue hook started
[2025-09-27T17:45:39.655Z] [INFO] Stop control state updated: {"stopAllowed":false,"singleUseFlag":false,"lastEndpointTrigger":null,"totalStopsBlocked":7}
[2025-09-27T17:45:39.655Z] [INFO] Blocking stop #7 - infinite continue mode active
[2025-09-27T17:45:39.656Z] [INFO] Stop blocked with task guidance. Total stops blocked: 7
[2025-09-27T17:45:48.323Z] [INFO] Post-tool infinite continue hook started
[2025-09-27T17:45:48.324Z] [INFO] Stop control state updated: {"stopAllowed":false,"singleUseFlag":false,"lastEndpointTrigger":null,"totalStopsBlocked":8}
[2025-09-27T17:45:48.324Z] [INFO] Blocking stop #8 - infinite continue mode active
[2025-09-27T17:45:48.324Z] [INFO] Stop blocked with task guidance. Total stops blocked: 8
[2025-09-27T17:45:53.149Z] [INFO] Post-tool infinite continue hook started
[2025-09-27T17:45:53.150Z] [INFO] Stop control state updated: {"stopAllowed":false,"singleUseFlag":false,"lastEndpointTrigger":null,"totalStopsBlocked":9}
[2025-09-27T17:45:53.150Z] [INFO] Blocking stop #9 - infinite continue mode active
[2025-09-27T17:45:53.150Z] [INFO] Stop blocked with task guidance. Total stops blocked: 9
[2025-09-27T17:45:57.705Z] [INFO] Post-tool infinite continue hook started
[2025-09-27T17:45:57.706Z] [INFO] Stop control state updated: {"stopAllowed":false,"singleUseFlag":false,"lastEndpointTrigger":null,"totalStopsBlocked":10}
[2025-09-27T17:45:57.706Z] [INFO] Blocking stop #10 - infinite continue mode active
[2025-09-27T17:45:57.706Z] [INFO] Stop blocked with task guidance. Total stops blocked: 10
[2025-09-27T17:46:02.818Z] [INFO] Post-tool infinite continue hook started
[2025-09-27T17:46:02.819Z] [INFO] Stop control state updated: {"stopAllowed":false,"singleUseFlag":false,"lastEndpointTrigger":null,"totalStopsBlocked":11}
[2025-09-27T17:46:02.819Z] [INFO] Blocking stop #11 - infinite continue mode active
[2025-09-27T17:46:02.819Z] [INFO] Stop blocked with task guidance. Total stops blocked: 11
[2025-09-27T17:46:08.697Z] [INFO] Post-tool infinite continue hook started
[2025-09-27T17:46:08.698Z] [INFO] Stop control state updated: {"stopAllowed":false,"singleUseFlag":false,"lastEndpointTrigger":null,"totalStopsBlocked":12}
[2025-09-27T17:46:08.698Z] [INFO] Blocking stop #12 - infinite continue mode active
[2025-09-27T17:46:08.698Z] [INFO] Stop blocked with task guidance. Total stops blocked: 12
[2025-09-27T17:46:13.303Z] [INFO] Post-tool infinite continue hook started
[2025-09-27T17:46:13.304Z] [INFO] Stop control state updated: {"stopAllowed":false,"singleUseFlag":false,"lastEndpointTrigger":null,"totalStopsBlocked":13}
[2025-09-27T17:46:13.304Z] [INFO] Blocking stop #13 - infinite continue mode active
[2025-09-27T17:46:13.304Z] [INFO] Stop blocked with task guidance. Total stops blocked: 13
[2025-09-27T17:46:22.951Z] [INFO] Post-tool infinite continue hook started
[2025-09-27T17:46:22.952Z] [INFO] Stop control state updated: {"stopAllowed":false,"singleUseFlag":false,"lastEndpointTrigger":null,"totalStopsBlocked":14}
[2025-09-27T17:46:22.952Z] [INFO] Blocking stop #14 - infinite continue mode active
[2025-09-27T17:46:22.952Z] [INFO] Stop blocked with task guidance. Total stops blocked: 14
[2025-09-27T17:46:28.515Z] [INFO] Post-tool infinite continue hook started
[2025-09-27T17:46:28.516Z] [INFO] Stop control state updated: {"stopAllowed":false,"singleUseFlag":false,"lastEndpointTrigger":null,"totalStopsBlocked":15}
[2025-09-27T17:46:28.516Z] [INFO] Blocking stop #15 - infinite continue mode active
[2025-09-27T17:46:28.516Z] [INFO] Stop blocked with task guidance. Total stops blocked: 15
[2025-09-27T17:48:26.343Z] [INFO] Post-tool infinite continue hook started
[2025-09-27T17:48:26.344Z] [INFO] Stop control state updated: {"stopAllowed":false,"singleUseFlag":false,"lastEndpointTrigger":null,"totalStopsBlocked":16}
[2025-09-27T17:48:26.345Z] [INFO] Blocking stop #16 - infinite continue mode active
[2025-09-27T17:48:26.345Z] [INFO] Stop blocked with task guidance. Total stops blocked: 16
[2025-09-27T17:48:38.683Z] [INFO] Post-tool infinite continue hook started
[2025-09-27T17:48:38.684Z] [INFO] Stop control state updated: {"stopAllowed":false,"singleUseFlag":false,"lastEndpointTrigger":null,"totalStopsBlocked":17}
[2025-09-27T17:48:38.684Z] [INFO] Blocking stop #17 - infinite continue mode active
[2025-09-27T17:48:38.684Z] [INFO] Stop blocked with task guidance. Total stops blocked: 17
[2025-09-27T17:48:50.264Z] [INFO] Post-tool infinite continue hook started
[2025-09-27T17:48:50.264Z] [INFO] Stop control state updated: {"stopAllowed":false,"singleUseFlag":false,"lastEndpointTrigger":null,"totalStopsBlocked":18}
[2025-09-27T17:48:50.264Z] [INFO] Blocking stop #18 - infinite continue mode active
[2025-09-27T17:48:50.265Z] [INFO] Stop blocked with task guidance. Total stops blocked: 18
[2025-09-27T17:49:28.746Z] [INFO] Post-tool infinite continue hook started
[2025-09-27T17:49:28.747Z] [INFO] Stop control state updated: {"stopAllowed":false,"singleUseFlag":false,"lastEndpointTrigger":null,"totalStopsBlocked":19}
[2025-09-27T17:49:28.747Z] [INFO] Blocking stop #19 - infinite continue mode active
[2025-09-27T17:49:28.747Z] [INFO] Stop blocked with task guidance. Total stops blocked: 19
[2025-09-27T17:49:36.798Z] [INFO] Post-tool infinite continue hook started
[2025-09-27T17:49:36.799Z] [INFO] Stop control state updated: {"stopAllowed":false,"singleUseFlag":false,"lastEndpointTrigger":null,"totalStopsBlocked":20}
[2025-09-27T17:49:36.799Z] [INFO] Blocking stop #20 - infinite continue mode active
[2025-09-27T17:49:36.800Z] [INFO] Stop blocked with task guidance. Total stops blocked: 20
[2025-09-27T17:49:47.989Z] [INFO] Post-tool infinite continue hook started
[2025-09-27T17:49:47.991Z] [INFO] Stop control state updated: {"stopAllowed":false,"singleUseFlag":false,"lastEndpointTrigger":null,"totalStopsBlocked":21}
[2025-09-27T17:49:47.991Z] [INFO] Blocking stop #21 - infinite continue mode active
[2025-09-27T17:49:47.991Z] [INFO] Stop blocked with task guidance. Total stops blocked: 21
[2025-09-27T17:49:58.497Z] [INFO] Post-tool infinite continue hook started
[2025-09-27T17:49:58.498Z] [INFO] Stop control state updated: {"stopAllowed":false,"singleUseFlag":false,"lastEndpointTrigger":null,"totalStopsBlocked":22}
[2025-09-27T17:49:58.498Z] [INFO] Blocking stop #22 - infinite continue mode active
[2025-09-27T17:49:58.498Z] [INFO] Stop blocked with task guidance. Total stops blocked: 22
[2025-09-27T17:50:04.432Z] [INFO] Post-tool infinite continue hook started
[2025-09-27T17:50:04.433Z] [INFO] Stop control state updated: {"stopAllowed":false,"singleUseFlag":false,"lastEndpointTrigger":null,"totalStopsBlocked":23}
[2025-09-27T17:50:04.433Z] [INFO] Blocking stop #23 - infinite continue mode active
[2025-09-27T17:50:04.433Z] [INFO] Stop blocked with task guidance. Total stops blocked: 23
[2025-09-27T17:50:14.334Z] [INFO] Post-tool infinite continue hook started
[2025-09-27T17:50:14.335Z] [INFO] Stop control state updated: {"stopAllowed":false,"singleUseFlag":false,"lastEndpointTrigger":null,"totalStopsBlocked":24}
[2025-09-27T17:50:14.335Z] [INFO] Blocking stop #24 - infinite continue mode active
[2025-09-27T17:50:14.335Z] [INFO] Stop blocked with task guidance. Total stops blocked: 24
[2025-09-27T17:50:23.912Z] [INFO] Post-tool infinite continue hook started
[2025-09-27T17:50:23.914Z] [INFO] Stop control state updated: {"stopAllowed":false,"singleUseFlag":false,"lastEndpointTrigger":null,"totalStopsBlocked":25}
[2025-09-27T17:50:23.914Z] [INFO] Blocking stop #25 - infinite continue mode active
[2025-09-27T17:50:23.914Z] [INFO] Stop blocked with task guidance. Total stops blocked: 25
[2025-09-27T17:50:50.949Z] [INFO] Post-tool infinite continue hook started
[2025-09-27T17:50:50.950Z] [INFO] Stop control state updated: {"stopAllowed":false,"singleUseFlag":false,"lastEndpointTrigger":null,"totalStopsBlocked":26}
[2025-09-27T17:50:50.950Z] [INFO] Blocking stop #26 - infinite continue mode active
[2025-09-27T17:50:50.950Z] [INFO] Stop blocked with task guidance. Total stops blocked: 26
[2025-09-27T18:06:10.222Z] [INFO] Post-tool infinite continue hook started
[2025-09-27T18:06:10.224Z] [INFO] Stop control state updated: {"stopAllowed":false,"singleUseFlag":false,"lastEndpointTrigger":null,"totalStopsBlocked":27}
[2025-09-27T18:06:10.224Z] [INFO] Blocking stop #27 - infinite continue mode active
[2025-09-27T18:06:10.225Z] [INFO] Stop blocked with task guidance. Total stops blocked: 27
[2025-09-27T18:06:23.010Z] [INFO] Post-tool infinite continue hook started
[2025-09-27T18:06:23.011Z] [INFO] Stop control state updated: {"stopAllowed":false,"singleUseFlag":false,"lastEndpointTrigger":null,"totalStopsBlocked":28}
[2025-09-27T18:06:23.011Z] [INFO] Blocking stop #28 - infinite continue mode active
[2025-09-27T18:06:23.011Z] [INFO] Stop blocked with task guidance. Total stops blocked: 28
[2025-09-27T18:06:33.156Z] [INFO] Post-tool infinite continue hook started
[2025-09-27T18:06:33.157Z] [INFO] Stop control state updated: {"stopAllowed":false,"singleUseFlag":false,"lastEndpointTrigger":null,"totalStopsBlocked":29}
[2025-09-27T18:06:33.157Z] [INFO] Blocking stop #29 - infinite continue mode active
[2025-09-27T18:06:33.158Z] [INFO] Stop blocked with task guidance. Total stops blocked: 29
[2025-09-27T18:06:39.904Z] [INFO] Post-tool infinite continue hook started
[2025-09-27T18:06:39.906Z] [INFO] Stop control state updated: {"stopAllowed":false,"singleUseFlag":false,"lastEndpointTrigger":null,"totalStopsBlocked":30}
[2025-09-27T18:06:39.906Z] [INFO] Blocking stop #30 - infinite continue mode active
[2025-09-27T18:06:39.906Z] [INFO] Stop blocked with task guidance. Total stops blocked: 30
[2025-09-27T18:06:46.584Z] [INFO] Post-tool infinite continue hook started
[2025-09-27T18:06:46.585Z] [INFO] Stop control state updated: {"stopAllowed":false,"singleUseFlag":false,"lastEndpointTrigger":null,"totalStopsBlocked":31}
[2025-09-27T18:06:46.585Z] [INFO] Blocking stop #31 - infinite continue mode active
[2025-09-27T18:06:46.585Z] [INFO] Stop blocked with task guidance. Total stops blocked: 31
[2025-09-27T18:07:09.163Z] [INFO] Post-tool infinite continue hook started
[2025-09-27T18:07:09.165Z] [INFO] Stop control state updated: {"stopAllowed":false,"singleUseFlag":false,"lastEndpointTrigger":null,"totalStopsBlocked":32}
[2025-09-27T18:07:09.165Z] [INFO] Blocking stop #32 - infinite continue mode active
[2025-09-27T18:07:09.165Z] [INFO] Stop blocked with task guidance. Total stops blocked: 32
[2025-09-27T18:08:26.601Z] [INFO] Post-tool infinite continue hook started
[2025-09-27T18:08:26.603Z] [INFO] Stop control state updated: {"stopAllowed":false,"singleUseFlag":false,"lastEndpointTrigger":null,"totalStopsBlocked":33}
[2025-09-27T18:08:26.603Z] [INFO] Blocking stop #33 - infinite continue mode active
[2025-09-27T18:08:26.603Z] [INFO] Stop blocked with task guidance. Total stops blocked: 33
[2025-09-27T18:08:32.863Z] [INFO] Post-tool infinite continue hook started
[2025-09-27T18:08:32.864Z] [INFO] Stop control state updated: {"stopAllowed":false,"singleUseFlag":false,"lastEndpointTrigger":null,"totalStopsBlocked":34}
[2025-09-27T18:08:32.864Z] [INFO] Blocking stop #34 - infinite continue mode active
[2025-09-27T18:08:32.864Z] [INFO] Stop blocked with task guidance. Total stops blocked: 34
[2025-09-27T18:08:41.772Z] [INFO] Post-tool infinite continue hook started
[2025-09-27T18:08:41.774Z] [INFO] Stop control state updated: {"stopAllowed":false,"singleUseFlag":false,"lastEndpointTrigger":null,"totalStopsBlocked":35}
[2025-09-27T18:08:41.774Z] [INFO] Blocking stop #35 - infinite continue mode active
[2025-09-27T18:08:41.774Z] [INFO] Stop blocked with task guidance. Total stops blocked: 35
[2025-09-27T18:08:51.707Z] [INFO] Post-tool infinite continue hook started
[2025-09-27T18:08:51.709Z] [INFO] Stop control state updated: {"stopAllowed":false,"singleUseFlag":false,"lastEndpointTrigger":null,"totalStopsBlocked":36}
[2025-09-27T18:08:51.709Z] [INFO] Blocking stop #36 - infinite continue mode active
[2025-09-27T18:08:51.709Z] [INFO] Stop blocked with task guidance. Total stops blocked: 36
[2025-09-27T18:09:03.737Z] [INFO] Post-tool infinite continue hook started
[2025-09-27T18:09:03.739Z] [INFO] Stop control state updated: {"stopAllowed":false,"singleUseFlag":false,"lastEndpointTrigger":null,"totalStopsBlocked":37}
[2025-09-27T18:09:03.739Z] [INFO] Blocking stop #37 - infinite continue mode active
[2025-09-27T18:09:03.740Z] [INFO] Stop blocked with task guidance. Total stops blocked: 37
[2025-09-27T18:09:11.836Z] [INFO] Post-tool infinite continue hook started
[2025-09-27T18:09:11.838Z] [INFO] Stop control state updated: {"stopAllowed":false,"singleUseFlag":false,"lastEndpointTrigger":null,"totalStopsBlocked":38}
[2025-09-27T18:09:11.839Z] [INFO] Blocking stop #38 - infinite continue mode active
[2025-09-27T18:09:11.839Z] [INFO] Stop blocked with task guidance. Total stops blocked: 38
[2025-09-27T18:09:47.263Z] [INFO] Post-tool infinite continue hook started
[2025-09-27T18:09:47.267Z] [INFO] Stop control state updated: {"stopAllowed":false,"singleUseFlag":false,"lastEndpointTrigger":null,"totalStopsBlocked":39}
[2025-09-27T18:09:47.269Z] [INFO] Blocking stop #39 - infinite continue mode active
[2025-09-27T18:09:47.274Z] [INFO] Stop blocked with task guidance. Total stops blocked: 39
[2025-09-27T18:09:56.005Z] [INFO] Post-tool infinite continue hook started
[2025-09-27T18:09:56.006Z] [INFO] Stop control state updated: {"stopAllowed":false,"singleUseFlag":false,"lastEndpointTrigger":null,"totalStopsBlocked":40}
[2025-09-27T18:09:56.006Z] [INFO] Blocking stop #40 - infinite continue mode active
[2025-09-27T18:09:56.007Z] [INFO] Stop blocked with task guidance. Total stops blocked: 40
[2025-09-27T18:10:09.281Z] [INFO] Post-tool infinite continue hook started
[2025-09-27T18:10:09.283Z] [INFO] Stop control state updated: {"stopAllowed":false,"singleUseFlag":false,"lastEndpointTrigger":null,"totalStopsBlocked":41}
[2025-09-27T18:10:09.284Z] [INFO] Blocking stop #41 - infinite continue mode active
[2025-09-27T18:10:09.284Z] [INFO] Stop blocked with task guidance. Total stops blocked: 41
[2025-09-27T18:10:17.334Z] [INFO] Post-tool infinite continue hook started
[2025-09-27T18:10:17.341Z] [INFO] Stop control state updated: {"stopAllowed":false,"singleUseFlag":false,"lastEndpointTrigger":null,"totalStopsBlocked":42}
[2025-09-27T18:10:17.341Z] [INFO] Blocking stop #42 - infinite continue mode active
[2025-09-27T18:10:17.341Z] [INFO] Stop blocked with task guidance. Total stops blocked: 42
[2025-09-27T18:10:24.529Z] [INFO] Post-tool infinite continue hook started
[2025-09-27T18:10:24.534Z] [INFO] Stop control state updated: {"stopAllowed":false,"singleUseFlag":false,"lastEndpointTrigger":null,"totalStopsBlocked":43}
[2025-09-27T18:10:24.534Z] [INFO] Blocking stop #43 - infinite continue mode active
[2025-09-27T18:10:24.534Z] [INFO] Stop blocked with task guidance. Total stops blocked: 43
[2025-09-27T18:10:33.125Z] [INFO] Post-tool infinite continue hook started
[2025-09-27T18:10:33.127Z] [INFO] Stop control state updated: {"stopAllowed":false,"singleUseFlag":false,"lastEndpointTrigger":null,"totalStopsBlocked":44}
[2025-09-27T18:10:33.127Z] [INFO] Blocking stop #44 - infinite continue mode active
[2025-09-27T18:10:33.127Z] [INFO] Stop blocked with task guidance. Total stops blocked: 44
[2025-09-27T18:10:39.288Z] [INFO] Post-tool infinite continue hook started
[2025-09-27T18:10:39.290Z] [INFO] Stop control state updated: {"stopAllowed":false,"singleUseFlag":false,"lastEndpointTrigger":null,"totalStopsBlocked":45}
[2025-09-27T18:10:39.290Z] [INFO] Blocking stop #45 - infinite continue mode active
[2025-09-27T18:10:39.291Z] [INFO] Stop blocked with task guidance. Total stops blocked: 45
[2025-09-27T18:10:46.833Z] [INFO] Post-tool infinite continue hook started
[2025-09-27T18:10:46.836Z] [INFO] Stop control state updated: {"stopAllowed":false,"singleUseFlag":false,"lastEndpointTrigger":null,"totalStopsBlocked":46}
[2025-09-27T18:10:46.836Z] [INFO] Blocking stop #46 - infinite continue mode active
[2025-09-27T18:10:46.837Z] [INFO] Stop blocked with task guidance. Total stops blocked: 46
[2025-09-27T18:11:06.990Z] [INFO] Post-tool infinite continue hook started
[2025-09-27T18:11:06.991Z] [INFO] Stop control state updated: {"stopAllowed":false,"singleUseFlag":false,"lastEndpointTrigger":null,"totalStopsBlocked":47}
[2025-09-27T18:11:06.992Z] [INFO] Blocking stop #47 - infinite continue mode active
[2025-09-27T18:11:06.992Z] [INFO] Stop blocked with task guidance. Total stops blocked: 47
[2025-09-27T18:11:50.368Z] [INFO] Post-tool infinite continue hook started
[2025-09-27T18:11:50.369Z] [INFO] Stop control state updated: {"stopAllowed":false,"singleUseFlag":false,"lastEndpointTrigger":null,"totalStopsBlocked":48}
[2025-09-27T18:11:50.369Z] [INFO] Blocking stop #48 - infinite continue mode active
[2025-09-27T18:11:50.369Z] [INFO] Stop blocked with task guidance. Total stops blocked: 48
[2025-09-27T18:11:57.245Z] [INFO] Post-tool infinite continue hook started
[2025-09-27T18:11:57.246Z] [INFO] Stop control state updated: {"stopAllowed":false,"singleUseFlag":false,"lastEndpointTrigger":null,"totalStopsBlocked":49}
[2025-09-27T18:11:57.246Z] [INFO] Blocking stop #49 - infinite continue mode active
[2025-09-27T18:11:57.247Z] [INFO] Stop blocked with task guidance. Total stops blocked: 49
[2025-09-27T18:12:09.554Z] [INFO] Post-tool infinite continue hook started
[2025-09-27T18:12:09.555Z] [INFO] Stop control state updated: {"stopAllowed":false,"singleUseFlag":false,"lastEndpointTrigger":null,"totalStopsBlocked":50}
[2025-09-27T18:12:09.555Z] [INFO] Blocking stop #50 - infinite continue mode active
[2025-09-27T18:12:09.555Z] [INFO] Stop blocked with task guidance. Total stops blocked: 50
[2025-09-27T18:12:30.705Z] [INFO] Post-tool infinite continue hook started
[2025-09-27T18:12:30.707Z] [INFO] Stop control state updated: {"stopAllowed":false,"singleUseFlag":false,"lastEndpointTrigger":null,"totalStopsBlocked":51}
[2025-09-27T18:12:30.707Z] [INFO] Blocking stop #51 - infinite continue mode active
[2025-09-27T18:12:30.707Z] [INFO] Stop blocked with task guidance. Total stops blocked: 51
[2025-09-27T18:12:39.062Z] [INFO] Post-tool infinite continue hook started
[2025-09-27T18:12:39.063Z] [INFO] Stop control state updated: {"stopAllowed":false,"singleUseFlag":false,"lastEndpointTrigger":null,"totalStopsBlocked":52}
[2025-09-27T18:12:39.063Z] [INFO] Blocking stop #52 - infinite continue mode active
[2025-09-27T18:12:39.064Z] [INFO] Stop blocked with task guidance. Total stops blocked: 52
[2025-09-27T18:12:46.473Z] [INFO] Post-tool infinite continue hook started
[2025-09-27T18:12:46.474Z] [INFO] Stop control state updated: {"stopAllowed":false,"singleUseFlag":false,"lastEndpointTrigger":null,"totalStopsBlocked":53}
[2025-09-27T18:12:46.474Z] [INFO] Blocking stop #53 - infinite continue mode active
[2025-09-27T18:12:46.475Z] [INFO] Stop blocked with task guidance. Total stops blocked: 53
[2025-09-27T18:12:50.933Z] [INFO] Post-tool infinite continue hook started
[2025-09-27T18:12:50.934Z] [INFO] Stop control state updated: {"stopAllowed":false,"singleUseFlag":false,"lastEndpointTrigger":null,"totalStopsBlocked":54}
[2025-09-27T18:12:50.934Z] [INFO] Blocking stop #54 - infinite continue mode active
[2025-09-27T18:12:50.934Z] [INFO] Stop blocked with task guidance. Total stops blocked: 54
[2025-09-27T18:13:03.253Z] [INFO] Post-tool infinite continue hook started
[2025-09-27T18:13:03.254Z] [INFO] Stop control state updated: {"stopAllowed":false,"singleUseFlag":false,"lastEndpointTrigger":null,"totalStopsBlocked":55}
[2025-09-27T18:13:03.254Z] [INFO] Blocking stop #55 - infinite continue mode active
[2025-09-27T18:13:03.254Z] [INFO] Stop blocked with task guidance. Total stops blocked: 55
[2025-09-27T18:13:34.284Z] [INFO] Post-tool infinite continue hook started
[2025-09-27T18:13:34.285Z] [INFO] Stop control state updated: {"stopAllowed":false,"singleUseFlag":false,"lastEndpointTrigger":null,"totalStopsBlocked":56}
[2025-09-27T18:13:34.285Z] [INFO] Blocking stop #56 - infinite continue mode active
[2025-09-27T18:13:34.286Z] [INFO] Stop blocked with task guidance. Total stops blocked: 56
[2025-09-27T18:13:44.372Z] [INFO] Post-tool infinite continue hook started
[2025-09-27T18:13:44.373Z] [INFO] Stop control state updated: {"stopAllowed":false,"singleUseFlag":false,"lastEndpointTrigger":null,"totalStopsBlocked":57}
[2025-09-27T18:13:44.373Z] [INFO] Blocking stop #57 - infinite continue mode active
[2025-09-27T18:13:44.373Z] [INFO] Stop blocked with task guidance. Total stops blocked: 57
[2025-09-27T18:13:55.919Z] [INFO] Post-tool infinite continue hook started
[2025-09-27T18:13:55.920Z] [INFO] Stop control state updated: {"stopAllowed":false,"singleUseFlag":false,"lastEndpointTrigger":null,"totalStopsBlocked":58}
[2025-09-27T18:13:55.920Z] [INFO] Blocking stop #58 - infinite continue mode active
[2025-09-27T18:13:55.920Z] [INFO] Stop blocked with task guidance. Total stops blocked: 58
[2025-09-27T18:14:01.246Z] [INFO] Post-tool infinite continue hook started
[2025-09-27T18:14:01.247Z] [INFO] Stop control state updated: {"stopAllowed":false,"singleUseFlag":false,"lastEndpointTrigger":null,"totalStopsBlocked":59}
[2025-09-27T18:14:01.247Z] [INFO] Blocking stop #59 - infinite continue mode active
[2025-09-27T18:14:01.247Z] [INFO] Stop blocked with task guidance. Total stops blocked: 59
[2025-09-27T18:14:08.137Z] [INFO] Post-tool infinite continue hook started
[2025-09-27T18:14:08.138Z] [INFO] Stop control state updated: {"stopAllowed":false,"singleUseFlag":false,"lastEndpointTrigger":null,"totalStopsBlocked":60}
[2025-09-27T18:14:08.138Z] [INFO] Blocking stop #60 - infinite continue mode active
[2025-09-27T18:14:08.138Z] [INFO] Stop blocked with task guidance. Total stops blocked: 60
[2025-09-27T18:14:17.415Z] [INFO] Post-tool infinite continue hook started
[2025-09-27T18:14:17.416Z] [INFO] Stop control state updated: {"stopAllowed":false,"singleUseFlag":false,"lastEndpointTrigger":null,"totalStopsBlocked":61}
[2025-09-27T18:14:17.416Z] [INFO] Blocking stop #61 - infinite continue mode active
[2025-09-27T18:14:17.416Z] [INFO] Stop blocked with task guidance. Total stops blocked: 61
[2025-09-27T18:14:30.343Z] [INFO] Post-tool infinite continue hook started
[2025-09-27T18:14:30.344Z] [INFO] Stop control state updated: {"stopAllowed":false,"singleUseFlag":false,"lastEndpointTrigger":null,"totalStopsBlocked":62}
[2025-09-27T18:14:30.345Z] [INFO] Blocking stop #62 - infinite continue mode active
[2025-09-27T18:14:30.345Z] [INFO] Stop blocked with task guidance. Total stops blocked: 62
[2025-09-27T18:14:43.192Z] [INFO] Post-tool infinite continue hook started
[2025-09-27T18:14:43.193Z] [INFO] Stop control state updated: {"stopAllowed":false,"singleUseFlag":false,"lastEndpointTrigger":null,"totalStopsBlocked":63}
[2025-09-27T18:14:43.193Z] [INFO] Blocking stop #63 - infinite continue mode active
[2025-09-27T18:14:43.193Z] [INFO] Stop blocked with task guidance. Total stops blocked: 63
[2025-09-27T18:14:54.382Z] [INFO] Post-tool infinite continue hook started
[2025-09-27T18:14:54.383Z] [INFO] Stop control state updated: {"stopAllowed":false,"singleUseFlag":false,"lastEndpointTrigger":null,"totalStopsBlocked":64}
[2025-09-27T18:14:54.383Z] [INFO] Blocking stop #64 - infinite continue mode active
[2025-09-27T18:14:54.383Z] [INFO] Stop blocked with task guidance. Total stops blocked: 64
[2025-09-27T18:15:24.568Z] [INFO] Post-tool infinite continue hook started
[2025-09-27T18:15:24.569Z] [INFO] Stop control state updated: {"stopAllowed":false,"singleUseFlag":false,"lastEndpointTrigger":null,"totalStopsBlocked":65}
[2025-09-27T18:15:24.569Z] [INFO] Blocking stop #65 - infinite continue mode active
[2025-09-27T18:15:24.569Z] [INFO] Stop blocked with task guidance. Total stops blocked: 65
[2025-09-27T18:16:26.396Z] [INFO] Post-tool infinite continue hook started
[2025-09-27T18:16:26.398Z] [INFO] Stop control state updated: {"stopAllowed":false,"singleUseFlag":false,"lastEndpointTrigger":null,"totalStopsBlocked":66}
[2025-09-27T18:16:26.398Z] [INFO] Blocking stop #66 - infinite continue mode active
[2025-09-27T18:16:26.399Z] [INFO] Stop blocked with task guidance. Total stops blocked: 66
[2025-09-27T18:17:07.283Z] [INFO] Post-tool infinite continue hook started
[2025-09-27T18:17:07.284Z] [INFO] Stop control state updated: {"stopAllowed":false,"singleUseFlag":false,"lastEndpointTrigger":null,"totalStopsBlocked":67}
[2025-09-27T18:17:07.284Z] [INFO] Blocking stop #67 - infinite continue mode active
[2025-09-27T18:17:07.284Z] [INFO] Stop blocked with task guidance. Total stops blocked: 67
[2025-09-27T18:17:36.762Z] [INFO] Post-tool infinite continue hook started
[2025-09-27T18:17:36.764Z] [INFO] Stop control state updated: {"stopAllowed":false,"singleUseFlag":false,"lastEndpointTrigger":null,"totalStopsBlocked":68}
[2025-09-27T18:17:36.764Z] [INFO] Blocking stop #68 - infinite continue mode active
[2025-09-27T18:17:36.765Z] [INFO] Stop blocked with task guidance. Total stops blocked: 68
[2025-09-27T18:17:44.821Z] [INFO] Post-tool infinite continue hook started
[2025-09-27T18:17:44.822Z] [INFO] Stop control state updated: {"stopAllowed":false,"singleUseFlag":false,"lastEndpointTrigger":null,"totalStopsBlocked":69}
[2025-09-27T18:17:44.822Z] [INFO] Blocking stop #69 - infinite continue mode active
[2025-09-27T18:17:44.822Z] [INFO] Stop blocked with task guidance. Total stops blocked: 69
[2025-09-27T18:18:16.868Z] [INFO] Post-tool infinite continue hook started
[2025-09-27T18:18:16.869Z] [INFO] Stop control state updated: {"stopAllowed":false,"singleUseFlag":false,"lastEndpointTrigger":null,"totalStopsBlocked":70}
[2025-09-27T18:18:16.869Z] [INFO] Blocking stop #70 - infinite continue mode active
[2025-09-27T18:18:16.869Z] [INFO] Stop blocked with task guidance. Total stops blocked: 70
[2025-09-27T18:18:38.713Z] [INFO] Post-tool infinite continue hook started
[2025-09-27T18:18:38.713Z] [INFO] Stop control state updated: {"stopAllowed":false,"singleUseFlag":false,"lastEndpointTrigger":null,"totalStopsBlocked":71}
[2025-09-27T18:18:38.713Z] [INFO] Blocking stop #71 - infinite continue mode active
[2025-09-27T18:18:38.714Z] [INFO] Stop blocked with task guidance. Total stops blocked: 71
[2025-09-27T18:18:48.352Z] [INFO] Post-tool infinite continue hook started
[2025-09-27T18:18:48.353Z] [INFO] Stop control state updated: {"stopAllowed":false,"singleUseFlag":false,"lastEndpointTrigger":null,"totalStopsBlocked":72}
[2025-09-27T18:18:48.353Z] [INFO] Blocking stop #72 - infinite continue mode active
[2025-09-27T18:18:48.354Z] [INFO] Stop blocked with task guidance. Total stops blocked: 72
[2025-09-27T18:47:57.876Z] [INFO] Post-tool infinite continue hook started
[2025-09-27T18:47:57.880Z] [INFO] Stop control state updated: {"stopAllowed":false,"singleUseFlag":false,"lastEndpointTrigger":null,"totalStopsBlocked":73}
[2025-09-27T18:47:57.880Z] [INFO] Blocking stop #73 - infinite continue mode active
[2025-09-27T18:47:57.880Z] [INFO] Stop blocked with task guidance. Total stops blocked: 73
[2025-09-27T18:48:06.501Z] [INFO] Post-tool infinite continue hook started
[2025-09-27T18:48:06.505Z] [INFO] Stop control state updated: {"stopAllowed":false,"singleUseFlag":false,"lastEndpointTrigger":null,"totalStopsBlocked":74}
[2025-09-27T18:48:06.505Z] [INFO] Blocking stop #74 - infinite continue mode active
[2025-09-27T18:48:06.505Z] [INFO] Stop blocked with task guidance. Total stops blocked: 74
[2025-09-27T18:48:18.644Z] [INFO] Post-tool infinite continue hook started
[2025-09-27T18:48:18.645Z] [INFO] Stop control state updated: {"stopAllowed":false,"singleUseFlag":false,"lastEndpointTrigger":null,"totalStopsBlocked":75}
[2025-09-27T18:48:18.645Z] [INFO] Blocking stop #75 - infinite continue mode active
[2025-09-27T18:48:18.646Z] [INFO] Stop blocked with task guidance. Total stops blocked: 75
[2025-09-27T18:48:27.614Z] [INFO] Post-tool infinite continue hook started
[2025-09-27T18:48:27.615Z] [INFO] Stop control state updated: {"stopAllowed":false,"singleUseFlag":false,"lastEndpointTrigger":null,"totalStopsBlocked":76}
[2025-09-27T18:48:27.615Z] [INFO] Blocking stop #76 - infinite continue mode active
[2025-09-27T18:48:27.615Z] [INFO] Stop blocked with task guidance. Total stops blocked: 76
[2025-09-27T18:48:43.381Z] [INFO] Post-tool infinite continue hook started
[2025-09-27T18:48:43.382Z] [INFO] Stop control state updated: {"stopAllowed":false,"singleUseFlag":false,"lastEndpointTrigger":null,"totalStopsBlocked":77}
[2025-09-27T18:48:43.382Z] [INFO] Blocking stop #77 - infinite continue mode active
[2025-09-27T18:48:43.382Z] [INFO] Stop blocked with task guidance. Total stops blocked: 77
[2025-09-27T18:48:51.779Z] [INFO] Post-tool infinite continue hook started
[2025-09-27T18:48:51.780Z] [INFO] Stop control state updated: {"stopAllowed":false,"singleUseFlag":false,"lastEndpointTrigger":null,"totalStopsBlocked":78}
[2025-09-27T18:48:51.780Z] [INFO] Blocking stop #78 - infinite continue mode active
[2025-09-27T18:48:51.781Z] [INFO] Stop blocked with task guidance. Total stops blocked: 78
[2025-09-27T18:49:09.060Z] [INFO] Post-tool infinite continue hook started
[2025-09-27T18:49:09.061Z] [INFO] Stop control state updated: {"stopAllowed":false,"singleUseFlag":false,"lastEndpointTrigger":null,"totalStopsBlocked":79}
[2025-09-27T18:49:09.061Z] [INFO] Blocking stop #79 - infinite continue mode active
[2025-09-27T18:49:09.062Z] [INFO] Stop blocked with task guidance. Total stops blocked: 79
[2025-09-27T18:49:15.434Z] [INFO] Post-tool infinite continue hook started
[2025-09-27T18:49:15.435Z] [INFO] Stop control state updated: {"stopAllowed":false,"singleUseFlag":false,"lastEndpointTrigger":null,"totalStopsBlocked":80}
[2025-09-27T18:49:15.435Z] [INFO] Blocking stop #80 - infinite continue mode active
[2025-09-27T18:49:15.435Z] [INFO] Stop blocked with task guidance. Total stops blocked: 80
[2025-09-27T18:49:30.232Z] [INFO] Post-tool infinite continue hook started
[2025-09-27T18:49:30.233Z] [INFO] Stop control state updated: {"stopAllowed":false,"singleUseFlag":false,"lastEndpointTrigger":null,"totalStopsBlocked":81}
[2025-09-27T18:49:30.233Z] [INFO] Blocking stop #81 - infinite continue mode active
[2025-09-27T18:49:30.234Z] [INFO] Stop blocked with task guidance. Total stops blocked: 81
[2025-09-27T18:49:39.813Z] [INFO] Post-tool infinite continue hook started
[2025-09-27T18:49:39.817Z] [INFO] Stop control state updated: {"stopAllowed":false,"singleUseFlag":false,"lastEndpointTrigger":null,"totalStopsBlocked":82}
[2025-09-27T18:49:39.817Z] [INFO] Blocking stop #82 - infinite continue mode active
[2025-09-27T18:49:39.818Z] [INFO] Stop blocked with task guidance. Total stops blocked: 82
[2025-09-27T18:49:56.737Z] [INFO] Post-tool infinite continue hook started
[2025-09-27T18:49:56.739Z] [INFO] Stop control state updated: {"stopAllowed":false,"singleUseFlag":false,"lastEndpointTrigger":null,"totalStopsBlocked":83}
[2025-09-27T18:49:56.739Z] [INFO] Blocking stop #83 - infinite continue mode active
[2025-09-27T18:49:56.739Z] [INFO] Stop blocked with task guidance. Total stops blocked: 83
[2025-09-27T18:50:30.515Z] [INFO] Post-tool infinite continue hook started
[2025-09-27T18:50:30.516Z] [INFO] Stop control state updated: {"stopAllowed":false,"singleUseFlag":false,"lastEndpointTrigger":null,"totalStopsBlocked":84}
[2025-09-27T18:50:30.516Z] [INFO] Blocking stop #84 - infinite continue mode active
[2025-09-27T18:50:30.517Z] [INFO] Stop blocked with task guidance. Total stops blocked: 84
[2025-09-27T18:50:38.257Z] [INFO] Post-tool infinite continue hook started
[2025-09-27T18:50:38.258Z] [INFO] Stop control state updated: {"stopAllowed":false,"singleUseFlag":false,"lastEndpointTrigger":null,"totalStopsBlocked":85}
[2025-09-27T18:50:38.258Z] [INFO] Blocking stop #85 - infinite continue mode active
[2025-09-27T18:50:38.258Z] [INFO] Stop blocked with task guidance. Total stops blocked: 85
[2025-09-27T18:50:47.671Z] [INFO] Post-tool infinite continue hook started
[2025-09-27T18:50:47.672Z] [INFO] Stop control state updated: {"stopAllowed":false,"singleUseFlag":false,"lastEndpointTrigger":null,"totalStopsBlocked":86}
[2025-09-27T18:50:47.672Z] [INFO] Blocking stop #86 - infinite continue mode active
[2025-09-27T18:50:47.672Z] [INFO] Stop blocked with task guidance. Total stops blocked: 86
[2025-09-27T18:51:05.314Z] [INFO] Post-tool infinite continue hook started
[2025-09-27T18:51:05.315Z] [INFO] Stop control state updated: {"stopAllowed":false,"singleUseFlag":false,"lastEndpointTrigger":null,"totalStopsBlocked":87}
[2025-09-27T18:51:05.315Z] [INFO] Blocking stop #87 - infinite continue mode active
[2025-09-27T18:51:05.315Z] [INFO] Stop blocked with task guidance. Total stops blocked: 87
[2025-09-27T18:51:11.096Z] [INFO] Post-tool infinite continue hook started
[2025-09-27T18:51:11.097Z] [INFO] Stop control state updated: {"stopAllowed":false,"singleUseFlag":false,"lastEndpointTrigger":null,"totalStopsBlocked":88}
[2025-09-27T18:51:11.097Z] [INFO] Blocking stop #88 - infinite continue mode active
[2025-09-27T18:51:11.097Z] [INFO] Stop blocked with task guidance. Total stops blocked: 88
[2025-09-27T18:51:18.476Z] [INFO] Post-tool infinite continue hook started
[2025-09-27T18:51:18.478Z] [INFO] Stop control state updated: {"stopAllowed":false,"singleUseFlag":false,"lastEndpointTrigger":null,"totalStopsBlocked":89}
[2025-09-27T18:51:18.478Z] [INFO] Blocking stop #89 - infinite continue mode active
[2025-09-27T18:51:18.478Z] [INFO] Stop blocked with task guidance. Total stops blocked: 89
[2025-09-27T18:52:14.139Z] [INFO] Post-tool infinite continue hook started
[2025-09-27T18:52:14.140Z] [INFO] Stop control state updated: {"stopAllowed":false,"singleUseFlag":false,"lastEndpointTrigger":null,"totalStopsBlocked":90}
[2025-09-27T18:52:14.141Z] [INFO] Blocking stop #90 - infinite continue mode active
[2025-09-27T18:52:14.141Z] [INFO] Stop blocked with task guidance. Total stops blocked: 90
[2025-09-27T18:53:07.588Z] [INFO] Post-tool infinite continue hook started
[2025-09-27T18:53:07.589Z] [INFO] Stop control state updated: {"stopAllowed":false,"singleUseFlag":false,"lastEndpointTrigger":null,"totalStopsBlocked":91}
[2025-09-27T18:53:07.589Z] [INFO] Blocking stop #91 - infinite continue mode active
[2025-09-27T18:53:07.589Z] [INFO] Stop blocked with task guidance. Total stops blocked: 91
[2025-09-27T18:54:00.931Z] [INFO] Post-tool infinite continue hook started
[2025-09-27T18:54:00.938Z] [INFO] Stop control state updated: {"stopAllowed":false,"singleUseFlag":false,"lastEndpointTrigger":null,"totalStopsBlocked":92}
[2025-09-27T18:54:00.938Z] [INFO] Blocking stop #92 - infinite continue mode active
[2025-09-27T18:54:00.939Z] [INFO] Stop blocked with task guidance. Total stops blocked: 92
[2025-09-27T18:54:11.506Z] [INFO] Post-tool infinite continue hook started
[2025-09-27T18:54:11.507Z] [INFO] Stop control state updated: {"stopAllowed":false,"singleUseFlag":false,"lastEndpointTrigger":null,"totalStopsBlocked":93}
[2025-09-27T18:54:11.508Z] [INFO] Blocking stop #93 - infinite continue mode active
[2025-09-27T18:54:11.508Z] [INFO] Stop blocked with task guidance. Total stops blocked: 93
[2025-09-27T19:40:49.862Z] [INFO] Post-tool infinite continue hook started
[2025-09-27T19:40:49.864Z] [INFO] Stop control state updated: {"stopAllowed":false,"singleUseFlag":false,"lastEndpointTrigger":null,"totalStopsBlocked":94}
[2025-09-27T19:40:49.864Z] [INFO] Blocking stop #94 - infinite continue mode active
[2025-09-27T19:40:49.865Z] [INFO] Stop blocked with task guidance. Total stops blocked: 94
[2025-09-27T19:40:56.617Z] [INFO] Post-tool infinite continue hook started
[2025-09-27T19:40:56.618Z] [INFO] Stop control state updated: {"stopAllowed":false,"singleUseFlag":false,"lastEndpointTrigger":null,"totalStopsBlocked":95}
[2025-09-27T19:40:56.618Z] [INFO] Blocking stop #95 - infinite continue mode active
[2025-09-27T19:40:56.618Z] [INFO] Stop blocked with task guidance. Total stops blocked: 95
[2025-09-27T19:41:05.622Z] [INFO] Post-tool infinite continue hook started
[2025-09-27T19:41:05.625Z] [INFO] Stop control state updated: {"stopAllowed":false,"singleUseFlag":false,"lastEndpointTrigger":null,"totalStopsBlocked":96}
[2025-09-27T19:41:05.625Z] [INFO] Blocking stop #96 - infinite continue mode active
[2025-09-27T19:41:05.625Z] [INFO] Stop blocked with task guidance. Total stops blocked: 96
[2025-09-27T19:41:11.859Z] [INFO] Post-tool infinite continue hook started
[2025-09-27T19:41:11.860Z] [INFO] Stop control state updated: {"stopAllowed":false,"singleUseFlag":false,"lastEndpointTrigger":null,"totalStopsBlocked":97}
[2025-09-27T19:41:11.860Z] [INFO] Blocking stop #97 - infinite continue mode active
[2025-09-27T19:41:11.860Z] [INFO] Stop blocked with task guidance. Total stops blocked: 97
[2025-09-27T19:41:26.323Z] [INFO] Post-tool infinite continue hook started
[2025-09-27T19:41:26.326Z] [INFO] Stop control state updated: {"stopAllowed":false,"singleUseFlag":false,"lastEndpointTrigger":null,"totalStopsBlocked":98}
[2025-09-27T19:41:26.326Z] [INFO] Blocking stop #98 - infinite continue mode active
[2025-09-27T19:41:26.327Z] [INFO] Stop blocked with task guidance. Total stops blocked: 98
[2025-09-27T19:41:38.440Z] [INFO] Post-tool infinite continue hook started
[2025-09-27T19:41:38.442Z] [INFO] Stop control state updated: {"stopAllowed":false,"singleUseFlag":false,"lastEndpointTrigger":null,"totalStopsBlocked":99}
[2025-09-27T19:41:38.442Z] [INFO] Blocking stop #99 - infinite continue mode active
[2025-09-27T19:41:38.443Z] [INFO] Stop blocked with task guidance. Total stops blocked: 99
[2025-09-27T19:41:53.605Z] [INFO] Post-tool infinite continue hook started
[2025-09-27T19:41:53.607Z] [INFO] Stop control state updated: {"stopAllowed":false,"singleUseFlag":false,"lastEndpointTrigger":null,"totalStopsBlocked":100}
[2025-09-27T19:41:53.607Z] [INFO] Blocking stop #100 - infinite continue mode active
[2025-09-27T19:41:53.607Z] [INFO] Stop blocked with task guidance. Total stops blocked: 100
[2025-09-27T19:42:25.514Z] [INFO] Post-tool infinite continue hook started
[2025-09-27T19:42:25.516Z] [INFO] Stop control state updated: {"stopAllowed":false,"singleUseFlag":false,"lastEndpointTrigger":null,"totalStopsBlocked":101}
[2025-09-27T19:42:25.516Z] [INFO] Blocking stop #101 - infinite continue mode active
[2025-09-27T19:42:25.516Z] [INFO] Stop blocked with task guidance. Total stops blocked: 101
[2025-09-27T19:42:35.053Z] [INFO] Post-tool infinite continue hook started
[2025-09-27T19:42:35.059Z] [INFO] Stop control state updated: {"stopAllowed":false,"singleUseFlag":false,"lastEndpointTrigger":null,"totalStopsBlocked":102}
[2025-09-27T19:42:35.059Z] [INFO] Blocking stop #102 - infinite continue mode active
[2025-09-27T19:42:35.059Z] [INFO] Stop blocked with task guidance. Total stops blocked: 102
[2025-09-27T19:42:41.496Z] [INFO] Post-tool infinite continue hook started
[2025-09-27T19:42:41.497Z] [INFO] Stop control state updated: {"stopAllowed":false,"singleUseFlag":false,"lastEndpointTrigger":null,"totalStopsBlocked":103}
[2025-09-27T19:42:41.497Z] [INFO] Blocking stop #103 - infinite continue mode active
[2025-09-27T19:42:41.498Z] [INFO] Stop blocked with task guidance. Total stops blocked: 103
[2025-09-27T19:42:51.513Z] [INFO] Post-tool infinite continue hook started
[2025-09-27T19:42:51.516Z] [INFO] Stop control state updated: {"stopAllowed":false,"singleUseFlag":false,"lastEndpointTrigger":null,"totalStopsBlocked":104}
[2025-09-27T19:42:51.516Z] [INFO] Blocking stop #104 - infinite continue mode active
[2025-09-27T19:42:51.517Z] [INFO] Stop blocked with task guidance. Total stops blocked: 104
[2025-09-27T19:42:56.242Z] [INFO] Post-tool infinite continue hook started
[2025-09-27T19:42:56.244Z] [INFO] Stop control state updated: {"stopAllowed":false,"singleUseFlag":false,"lastEndpointTrigger":null,"totalStopsBlocked":105}
[2025-09-27T19:42:56.244Z] [INFO] Blocking stop #105 - infinite continue mode active
[2025-09-27T19:42:56.245Z] [INFO] Stop blocked with task guidance. Total stops blocked: 105
[2025-09-27T19:43:02.723Z] [INFO] Post-tool infinite continue hook started
[2025-09-27T19:43:02.724Z] [INFO] Stop control state updated: {"stopAllowed":false,"singleUseFlag":false,"lastEndpointTrigger":null,"totalStopsBlocked":106}
[2025-09-27T19:43:02.724Z] [INFO] Blocking stop #106 - infinite continue mode active
[2025-09-27T19:43:02.725Z] [INFO] Stop blocked with task guidance. Total stops blocked: 106
[2025-09-27T19:43:08.906Z] [INFO] Post-tool infinite continue hook started
[2025-09-27T19:43:08.908Z] [INFO] Stop control state updated: {"stopAllowed":false,"singleUseFlag":false,"lastEndpointTrigger":null,"totalStopsBlocked":107}
[2025-09-27T19:43:08.908Z] [INFO] Blocking stop #107 - infinite continue mode active
[2025-09-27T19:43:08.908Z] [INFO] Stop blocked with task guidance. Total stops blocked: 107
[2025-09-27T19:43:35.400Z] [INFO] Post-tool infinite continue hook started
[2025-09-27T19:43:35.401Z] [INFO] Stop control state updated: {"stopAllowed":false,"singleUseFlag":false,"lastEndpointTrigger":null,"totalStopsBlocked":108}
[2025-09-27T19:43:35.401Z] [INFO] Blocking stop #108 - infinite continue mode active
[2025-09-27T19:43:35.402Z] [INFO] Stop blocked with task guidance. Total stops blocked: 108
[2025-09-27T19:43:52.897Z] [INFO] Post-tool infinite continue hook started
[2025-09-27T19:43:52.898Z] [INFO] Stop control state updated: {"stopAllowed":false,"singleUseFlag":false,"lastEndpointTrigger":null,"totalStopsBlocked":109}
[2025-09-27T19:43:52.898Z] [INFO] Blocking stop #109 - infinite continue mode active
[2025-09-27T19:43:52.898Z] [INFO] Stop blocked with task guidance. Total stops blocked: 109
[2025-09-27T19:44:32.290Z] [INFO] Post-tool infinite continue hook started
[2025-09-27T19:44:32.291Z] [INFO] Stop control state updated: {"stopAllowed":false,"singleUseFlag":false,"lastEndpointTrigger":null,"totalStopsBlocked":110}
[2025-09-27T19:44:32.291Z] [INFO] Blocking stop #110 - infinite continue mode active
[2025-09-27T19:44:32.291Z] [INFO] Stop blocked with task guidance. Total stops blocked: 110
[2025-09-27T19:44:41.180Z] [INFO] Post-tool infinite continue hook started
[2025-09-27T19:44:41.181Z] [INFO] Stop control state updated: {"stopAllowed":false,"singleUseFlag":false,"lastEndpointTrigger":null,"totalStopsBlocked":111}
[2025-09-27T19:44:41.181Z] [INFO] Blocking stop #111 - infinite continue mode active
[2025-09-27T19:44:41.181Z] [INFO] Stop blocked with task guidance. Total stops blocked: 111
[2025-09-27T19:55:57.307Z] [INFO] Post-tool infinite continue hook started
[2025-09-27T19:55:57.317Z] [INFO] Provided linter feedback and API guide
[2025-09-27T19:56:02.278Z] [INFO] Post-tool infinite continue hook started
[2025-09-27T19:56:02.287Z] [INFO] Provided linter feedback and API guide
[2025-09-27T19:56:10.172Z] [INFO] Post-tool infinite continue hook started
[2025-09-27T19:56:10.181Z] [INFO] Provided linter feedback and API guide
[2025-09-27T19:56:15.882Z] [INFO] Post-tool infinite continue hook started
[2025-09-27T19:56:15.894Z] [INFO] Provided linter feedback and API guide
[2025-09-27T19:56:53.537Z] [INFO] Post-tool infinite continue hook started
[2025-09-27T19:56:53.547Z] [INFO] Provided linter feedback and API guide
[2025-09-27T19:57:00.469Z] [INFO] Post-tool infinite continue hook started
[2025-09-27T19:57:00.482Z] [INFO] Provided linter feedback and API guide
[2025-09-27T19:57:11.682Z] [INFO] Post-tool infinite continue hook started
[2025-09-27T19:57:11.700Z] [INFO] Provided linter feedback and API guide
[2025-09-27T19:57:17.806Z] [INFO] Post-tool infinite continue hook started
[2025-09-27T19:57:17.827Z] [INFO] Provided linter feedback and API guide
[2025-09-27T19:57:37.640Z] [INFO] Post-tool infinite continue hook started
[2025-09-27T19:57:37.641Z] [INFO] Provided linter feedback and API guide
[2025-09-27T20:02:56.936Z] [INFO] Post-tool infinite continue hook started
[2025-09-27T20:09:29.954Z] [INFO] Provided linter feedback and API guide
[2025-09-27T20:39:22.538Z] [INFO] Post-tool infinite continue hook started
[2025-09-27T20:40:08.387Z] [INFO] Provided linter feedback and API guide
[2025-09-27T20:40:16.280Z] [INFO] Post-tool infinite continue hook started
[2025-09-27T20:41:03.593Z] [INFO] Provided linter feedback and API guide
[2025-09-27T20:41:17.873Z] [INFO] Post-tool infinite continue hook started
[2025-09-27T20:42:11.600Z] [INFO] Provided linter feedback and API guide
[2025-09-27T20:42:26.561Z] [INFO] Post-tool infinite continue hook started
[2025-09-27T20:43:30.440Z] [INFO] Provided linter feedback and API guide
[2025-09-27T20:43:45.410Z] [INFO] Post-tool infinite continue hook started
[2025-09-27T20:44:49.475Z] [INFO] Provided linter feedback and API guide
[2025-09-27T20:45:47.794Z] [INFO] Post-tool infinite continue hook started
[2025-09-27T20:46:53.936Z] [INFO] Provided linter feedback and API guide
[2025-09-27T20:47:09.681Z] [INFO] Post-tool infinite continue hook started
[2025-09-27T20:50:59.285Z] [INFO] Post-tool infinite continue hook started
[2025-09-27T20:51:59.335Z] [INFO] Provided linter feedback and API guide
[2025-09-27T20:52:11.545Z] [INFO] Post-tool infinite continue hook started
[2025-09-27T20:53:15.411Z] [INFO] Provided linter feedback and API guide
[2025-09-27T20:53:43.263Z] [INFO] Post-tool infinite continue hook started
[2025-09-27T20:54:53.066Z] [INFO] Provided linter feedback and API guide
[2025-09-27T20:55:04.715Z] [INFO] Post-tool infinite continue hook started
[2025-09-27T20:55:34.847Z] [INFO] Provided linter feedback and API guide
[2025-09-27T20:56:55.889Z] [INFO] Post-tool infinite continue hook started
[2025-09-27T20:57:42.580Z] [INFO] Provided linter feedback and API guide
[2025-09-27T21:05:45.533Z] [INFO] Post-tool infinite continue hook started
[2025-09-27T21:06:00.719Z] [INFO] Provided linter feedback and API guide
[2025-09-27T21:06:10.332Z] [INFO] Post-tool infinite continue hook started
[2025-09-27T21:06:28.988Z] [INFO] Provided linter feedback and API guide
[2025-09-27T21:06:46.176Z] [INFO] Post-tool infinite continue hook started
[2025-09-27T21:06:58.909Z] [INFO] Provided linter feedback and API guide
[2025-09-27T21:07:10.835Z] [INFO] Post-tool infinite continue hook started
[2025-09-27T21:07:37.225Z] [INFO] Provided linter feedback and API guide
[2025-09-27T21:08:01.944Z] [INFO] Post-tool infinite continue hook started
[2025-09-27T21:08:49.196Z] [INFO] Provided linter feedback and API guide
[2025-09-27T21:09:08.708Z] [INFO] Post-tool infinite continue hook started
[2025-09-27T21:10:08.324Z] [INFO] Provided linter feedback and API guide
[2025-09-27T21:10:18.984Z] [INFO] Post-tool infinite continue hook started
[2025-09-27T21:11:15.322Z] [INFO] Provided linter feedback and API guide
[2025-09-27T21:14:03.526Z] [INFO] Post-tool infinite continue hook started
[2025-09-27T21:14:48.566Z] [INFO] Post-tool infinite continue hook started
[2025-09-27T21:15:11.556Z] [INFO] Provided linter feedback and API guide
[2025-09-27T21:15:20.357Z] [INFO] Post-tool infinite continue hook started
[2025-09-27T21:15:53.076Z] [INFO] Provided linter feedback and API guide
[2025-09-27T21:16:06.445Z] [INFO] Post-tool infinite continue hook started
[2025-09-27T21:16:25.340Z] [INFO] Provided linter feedback and API guide
[2025-09-27T21:16:53.332Z] [INFO] Provided linter feedback and API guide
[2025-09-27T21:17:04.305Z] [INFO] Post-tool infinite continue hook started
[2025-09-27T21:17:07.353Z] [INFO] Post-tool infinite continue hook started
[2025-09-27T21:18:10.330Z] [INFO] Provided linter feedback and API guide
[2025-09-27T21:18:12.597Z] [INFO] Provided linter feedback and API guide
[2025-09-27T21:18:21.343Z] [INFO] Post-tool infinite continue hook started
[2025-09-27T21:18:21.523Z] [INFO] Post-tool infinite continue hook started
[2025-09-27T21:19:27.512Z] [INFO] Provided linter feedback and API guide
[2025-09-27T21:19:28.899Z] [INFO] Provided linter feedback and API guide
[2025-09-27T21:19:39.540Z] [INFO] Post-tool infinite continue hook started
[2025-09-27T21:20:28.087Z] [INFO] Provided linter feedback and API guide
[2025-09-27T21:20:42.011Z] [INFO] Post-tool infinite continue hook started
[2025-09-27T21:21:17.601Z] [INFO] Provided linter feedback and API guide
[2025-09-27T21:26:04.224Z] [INFO] Post-tool infinite continue hook started
[2025-09-27T21:26:34.550Z] [INFO] Post-tool infinite continue hook started
[2025-09-27T21:27:09.880Z] [INFO] Provided linter feedback and API guide
[2025-09-27T21:27:18.514Z] [INFO] Post-tool infinite continue hook started
[2025-09-27T21:27:39.367Z] [INFO] Provided linter feedback and API guide
[2025-09-27T21:27:51.719Z] [INFO] Post-tool infinite continue hook started
[2025-09-27T21:28:24.356Z] [INFO] Provided linter feedback and API guide
[2025-09-27T21:28:33.825Z] [INFO] Post-tool infinite continue hook started
[2025-09-27T21:29:37.686Z] [INFO] Provided linter feedback and API guide
[2025-09-27T21:29:44.129Z] [INFO] Post-tool infinite continue hook started
[2025-09-27T21:30:20.846Z] [INFO] Provided linter feedback and API guide
[2025-09-27T21:31:05.192Z] [INFO] Post-tool infinite continue hook started
[2025-09-27T21:32:11.045Z] [INFO] Provided linter feedback and API guide
[2025-09-27T21:32:46.417Z] [INFO] Post-tool infinite continue hook started
[2025-09-27T21:33:50.561Z] [INFO] Provided linter feedback and API guide
[2025-09-27T21:33:59.393Z] [INFO] Post-tool infinite continue hook started
[2025-09-27T21:35:02.732Z] [INFO] Provided linter feedback and API guide
[2025-09-27T21:35:37.812Z] [INFO] Post-tool infinite continue hook started
[2025-09-27T21:36:41.162Z] [INFO] Provided linter feedback and API guide
[2025-09-27T21:36:54.898Z] [INFO] Post-tool infinite continue hook started
[2025-09-27T21:37:58.848Z] [INFO] Provided linter feedback and API guide
[2025-09-27T21:38:08.955Z] [INFO] Post-tool infinite continue hook started
[2025-09-27T21:39:10.582Z] [INFO] Provided linter feedback and API guide
[2025-09-27T21:39:18.678Z] [INFO] Post-tool infinite continue hook started
[2025-09-27T21:40:20.250Z] [INFO] Provided linter feedback and API guide
